Last login: Sat Jan 21 12:25:11 on ttys000
iMac:~ NatarajanShankar$ slcli vs create -d hou02 --os UBUNTU_LATEST --cpu 2 --memory 2048 --hostname saltmaster-shankar --domain shankar.net --key rsa-key
This action will incur charges on your account. Continue? [y/N]: y
:.........:......................................:
:    name : value                                :
:.........:......................................:
:      id : 27727843                             :
: created : 2017-01-22T11:31:52-06:00            :
:    guid : 66ed99b9-7557-4daa-96cc-d294c9c45081 :
:.........:......................................:
iMac:~ NatarajanShankar$ slcli vs list
:..........:....................:.................:.............:............:.............:
:    id    :      hostname      :    primary_ip   :  backend_ip : datacenter :    action   :
:..........:....................:.................:.............:............:.............:
: 27574893 : saltmaster-shankar : 184.172.208.235 : 10.77.145.5 :   hou02    :      -      :
: 27727843 : saltmaster-shankar :        -        :      -      :     -      : Assign Host :
:..........:....................:.................:.............:............:.............:
iMac:~ NatarajanShankar$ slcli vs list
:..........:....................:.................:..............:............:.................:
:    id    :      hostname      :    primary_ip   :  backend_ip  : datacenter :      action     :
:..........:....................:.................:..............:............:.................:
: 27574893 : saltmaster-shankar : 184.172.208.235 : 10.77.145.5  :   hou02    :        -        :
: 27727843 : saltmaster-shankar : 184.172.208.238 : 10.77.145.41 :   hou02    : Power on server :
:..........:....................:.................:..............:............:.................:
iMac:~ NatarajanShankar$ slcli vs list
:..........:....................:.................:..............:............:.................:
:    id    :      hostname      :    primary_ip   :  backend_ip  : datacenter :      action     :
:..........:....................:.................:..............:............:.................:
: 27574893 : saltmaster-shankar : 184.172.208.235 : 10.77.145.5  :   hou02    :        -        :
: 27727843 : saltmaster-shankar : 184.172.208.238 : 10.77.145.41 :   hou02    : Power on server :
:..........:....................:.................:..............:............:.................:
iMac:~ NatarajanShankar$ slcli vs list
:..........:....................:.................:..............:............:..............:
:    id    :      hostname      :    primary_ip   :  backend_ip  : datacenter :    action    :
:..........:....................:.................:..............:............:..............:
: 27574893 : saltmaster-shankar : 184.172.208.235 : 10.77.145.5  :   hou02    :      -       :
: 27727843 : saltmaster-shankar : 184.172.208.238 : 10.77.145.41 :   hou02    : Final Reboot :
:..........:....................:.................:..............:............:..............:
iMac:~ NatarajanShankar$ slcli vs list
:..........:....................:.................:..............:............:.....................:
:    id    :      hostname      :    primary_ip   :  backend_ip  : datacenter :        action       :
:..........:....................:.................:..............:............:.....................:
: 27574893 : saltmaster-shankar : 184.172.208.235 : 10.77.145.5  :   hou02    :          -          :
: 27727843 : saltmaster-shankar : 184.172.208.238 : 10.77.145.41 :   hou02    : Start Service Setup :
:..........:....................:.................:..............:............:.....................:
iMac:~ NatarajanShankar$ 
iMac:~ NatarajanShankar$ 
iMac:~ NatarajanShankar$ 
iMac:~ NatarajanShankar$ slcli vs list
:..........:....................:.................:..............:............:...............:
:    id    :      hostname      :    primary_ip   :  backend_ip  : datacenter :     action    :
:..........:....................:.................:..............:............:...............:
: 27574893 : saltmaster-shankar : 184.172.208.235 : 10.77.145.5  :   hou02    :       -       :
: 27727843 : saltmaster-shankar : 184.172.208.238 : 10.77.145.41 :   hou02    : Service setup :
:..........:....................:.................:..............:............:...............:
iMac:~ NatarajanShankar$ slcli vs list
:..........:....................:.................:..............:............:........:
:    id    :      hostname      :    primary_ip   :  backend_ip  : datacenter : action :
:..........:....................:.................:..............:............:........:
: 27574893 : saltmaster-shankar : 184.172.208.235 : 10.77.145.5  :   hou02    :   -    :
: 27727843 : saltmaster-shankar : 184.172.208.238 : 10.77.145.41 :   hou02    :   -    :
:..........:....................:.................:..............:............:........:
iMac:~ NatarajanShankar$ slci vs credentials 27727843
-bash: slci: command not found
iMac:~ NatarajanShankar$ slcli vs credentials 27727843
:..........:..........:
: username : password :
:..........:..........:
:   root   : VFyXz39l :
:..........:..........:
iMac:~ NatarajanShankar$ ssh root@184.172.208.238
The authenticity of host '184.172.208.238 (184.172.208.238)' can't be established.
ECDSA key fingerprint is SHA256:db5CT59qS+WLPFdwTLGWaunQXeTcF2Yn8a7IIhm1TGQ.
Are you sure you want to continue connecting (yes/no)? yes
Warning: Permanently added '184.172.208.238' (ECDSA) to the list of known hosts.
Enter passphrase for key '/Users/NatarajanShankar/.ssh/id_rsa': 
Welcome to Ubuntu 16.04.1 LTS (GNU/Linux 4.4.0-45-generic x86_64)

 * Documentation:  https://help.ubuntu.com
 * Management:     https://landscape.canonical.com
 * Support:        https://ubuntu.com/advantage

  Get cloud support with Ubuntu Advantage Cloud Guest:
    http://www.ubuntu.com/business/services/cloud

1 package can be updated.
1 update is a security update.


Last login: Sun Jan 22 17:34:13 2017 from 10.0.80.186
root@saltmaster-shankar:~# apt-get update
Get:1 http://mirrors.service.networklayer.com/ubuntu xenial InRelease [247 kB]
Get:2 http://mirrors.service.networklayer.com/ubuntu xenial-updates InRelease [102 kB]
Get:3 http://mirrors.service.networklayer.com/ubuntu xenial-backports InRelease [102 kB]  
Get:4 http://mirrors.service.networklayer.com/ubuntu xenial-security InRelease [102 kB]   
Get:5 http://mirrors.service.networklayer.com/ubuntu xenial/main Sources [868 kB]         
Get:6 http://mirrors.service.networklayer.com/ubuntu xenial/restricted Sources [4,808 B]                        
Get:7 http://mirrors.service.networklayer.com/ubuntu xenial/universe Sources [7,728 kB]                         
Get:8 http://mirrors.service.networklayer.com/ubuntu xenial/multiverse Sources [179 kB]
Get:9 http://mirrors.service.networklayer.com/ubuntu xenial/main amd64 Packages [1,201 kB]
Get:10 http://mirrors.service.networklayer.com/ubuntu xenial/main Translation-en [568 kB]
Get:11 http://mirrors.service.networklayer.com/ubuntu xenial/restricted amd64 Packages [8,344 B]
Get:12 http://mirrors.service.networklayer.com/ubuntu xenial/restricted Translation-en [2,908 B]
Get:13 http://mirrors.service.networklayer.com/ubuntu xenial/universe amd64 Packages [7,532 kB]
Get:14 http://mirrors.service.networklayer.com/ubuntu xenial/universe Translation-en [4,354 kB]
Get:15 http://mirrors.service.networklayer.com/ubuntu xenial/multiverse amd64 Packages [144 kB]
Get:16 http://mirrors.service.networklayer.com/ubuntu xenial/multiverse Translation-en [106 kB]
Get:17 http://mirrors.service.networklayer.com/ubuntu xenial-updates/main Sources [216 kB]
Get:18 http://mirrors.service.networklayer.com/ubuntu xenial-updates/restricted Sources [1,800 B]
Get:19 http://mirrors.service.networklayer.com/ubuntu xenial-updates/universe Sources [119 kB]
Get:20 http://mirrors.service.networklayer.com/ubuntu xenial-updates/multiverse Sources [4,560 B]
Get:21 http://mirrors.service.networklayer.com/ubuntu xenial-updates/main amd64 Packages [453 kB]
Get:22 http://mirrors.service.networklayer.com/ubuntu xenial-updates/main Translation-en [179 kB]
Get:23 http://mirrors.service.networklayer.com/ubuntu xenial-updates/restricted amd64 Packages [6,568 B]
Get:24 http://mirrors.service.networklayer.com/ubuntu xenial-updates/restricted Translation-en [2,020 B]
Get:25 http://mirrors.service.networklayer.com/ubuntu xenial-updates/universe amd64 Packages [381 kB]
Get:26 http://mirrors.service.networklayer.com/ubuntu xenial-updates/universe Translation-en [140 kB]
Get:27 http://mirrors.service.networklayer.com/ubuntu xenial-updates/multiverse amd64 Packages [8,080 B]
Get:28 http://mirrors.service.networklayer.com/ubuntu xenial-updates/multiverse Translation-en [3,580 B]
Get:29 http://mirrors.service.networklayer.com/ubuntu xenial-backports/main Sources [3,236 B]
Get:30 http://mirrors.service.networklayer.com/ubuntu xenial-backports/universe Sources [1,868 B]
Get:31 http://mirrors.service.networklayer.com/ubuntu xenial-backports/main amd64 Packages [4,404 B]
Get:32 http://mirrors.service.networklayer.com/ubuntu xenial-backports/main Translation-en [3,124 B]
Get:33 http://mirrors.service.networklayer.com/ubuntu xenial-backports/universe amd64 Packages [2,412 B]
Get:34 http://mirrors.service.networklayer.com/ubuntu xenial-backports/universe Translation-en [1,216 B]
Get:35 http://mirrors.service.networklayer.com/ubuntu xenial-security/main Sources [54.5 kB]
Get:36 http://mirrors.service.networklayer.com/ubuntu xenial-security/restricted Sources [1,800 B]
Get:37 http://mirrors.service.networklayer.com/ubuntu xenial-security/universe Sources [17.5 kB]
Get:38 http://mirrors.service.networklayer.com/ubuntu xenial-security/multiverse Sources [724 B]
Get:39 http://mirrors.service.networklayer.com/ubuntu xenial-security/main amd64 Packages [201 kB]
Get:40 http://mirrors.service.networklayer.com/ubuntu xenial-security/main Translation-en [84.3 kB]
Get:41 http://mirrors.service.networklayer.com/ubuntu xenial-security/restricted amd64 Packages [6,568 B]
Get:42 http://mirrors.service.networklayer.com/ubuntu xenial-security/restricted Translation-en [2,020 B]
Get:43 http://mirrors.service.networklayer.com/ubuntu xenial-security/universe amd64 Packages [70.0 kB]
Get:44 http://mirrors.service.networklayer.com/ubuntu xenial-security/universe Translation-en [38.0 kB]
Get:45 http://mirrors.service.networklayer.com/ubuntu xenial-security/multiverse amd64 Packages [2,744 B]
Get:46 http://mirrors.service.networklayer.com/ubuntu xenial-security/multiverse Translation-en [1,124 B]
Fetched 25.3 MB in 4s (5,958 kB/s)                            
Reading package lists... Done
root@saltmaster-shankar:~# apt-get install mosquitto-clients
Reading package lists... Done
Building dependency tree       
Reading state information... Done
The following additional packages will be installed:
  libc-ares2 libmosquitto1
The following NEW packages will be installed:
  libc-ares2 libmosquitto1 mosquitto-clients
0 upgraded, 3 newly installed, 0 to remove and 98 not upgraded.
Need to get 96.2 kB of archives.
After this operation, 330 kB of additional disk space will be used.
Do you want to continue? [Y/n] y
Get:1 http://mirrors.service.networklayer.com/ubuntu xenial-updates/main amd64 libc-ares2 amd64 1.10.0-3ubuntu0.1 [34.1 kB]
Get:2 http://mirrors.service.networklayer.com/ubuntu xenial/universe amd64 libmosquitto1 amd64 1.4.8-1build1 [31.1 kB]
Get:3 http://mirrors.service.networklayer.com/ubuntu xenial/universe amd64 mosquitto-clients amd64 1.4.8-1build1 [31.0 kB]
Fetched 96.2 kB in 0s (1,108 kB/s)                               
Selecting previously unselected package libc-ares2:amd64.
(Reading database ... 53670 files and directories currently installed.)
Preparing to unpack .../libc-ares2_1.10.0-3ubuntu0.1_amd64.deb ...
Unpacking libc-ares2:amd64 (1.10.0-3ubuntu0.1) ...
Selecting previously unselected package libmosquitto1:amd64.
Preparing to unpack .../libmosquitto1_1.4.8-1build1_amd64.deb ...
Unpacking libmosquitto1:amd64 (1.4.8-1build1) ...
Selecting previously unselected package mosquitto-clients.
Preparing to unpack .../mosquitto-clients_1.4.8-1build1_amd64.deb ...
Unpacking mosquitto-clients (1.4.8-1build1) ...
Processing triggers for libc-bin (2.23-0ubuntu3) ...
Processing triggers for man-db (2.7.5-1) ...
Setting up libc-ares2:amd64 (1.10.0-3ubuntu0.1) ...
Setting up libmosquitto1:amd64 (1.4.8-1build1) ...
Setting up mosquitto-clients (1.4.8-1build1) ...
Processing triggers for libc-bin (2.23-0ubuntu3) ...
root@saltmaster-shankar:~# 
root@saltmaster-shankar:~# 
root@saltmaster-shankar:~# mosquitto_sub -t /applications/in/+/public/# -h 198.23.89.34
{"t":1485106806,"r":{"lat":37.659488667,"lon":-121.858957,"alt":0}}
{"t":1485014957,"r":{}}
{"t":1485106880,"r":{}}
{"t":1485107116,"r":{"lat":37.659488667,"lon":-121.858957,"alt":0}}
{"t":1485107125,"r":{}}
{"t":1485107369,"r":{}}
{"t":1485107417,"r":{"lat":37.659488667,"lon":-121.858957,"alt":0}}
{"t":1485107496,"r":{}}
{"t":1485107503,"r":{}}
{"t":1485107509,"r":{}}
{"t":1485107516,"r":{}}
{"t":1485107523,"r":{}}
{"t":1485107530,"r":{}}
{"t":1485107537,"r":{}}
{"t":1485107543,"r":{}}
{"t":1485107550,"r":{}}
{"t":1485107557,"r":{}}
{"t":1485107563,"r":{}}
{"t":1485107570,"r":{}}
{"t":1485107576,"r":{}}
{"t":1485107582,"r":{}}
{"t":1485107589,"r":{}}
{"t":1485107595,"r":{}}
{"t":1485107602,"r":{}}
{"t":1485107608,"r":{}}
{"t":1485107615,"r":{}}
{"t":1485107621,"r":{}}
{"t":1485107629,"r":{}}
{"t":1485107635,"r":{}}
{"t":1485107641,"r":{}}
{"t":1485107648,"r":{}}
{"t":1485107654,"r":{}}
{"t":1485107660,"r":{}}
{"t":1485107667,"r":{}}
{"t":1485107674,"r":{}}
{"t":1485107680,"r":{}}
{"t":1485107687,"r":{}}
{"t":1485107694,"r":{}}
{"t":1485107701,"r":{}}
{"t":1485107708,"r":{}}
{"t":1485107714,"r":{}}
{"t":1485107721,"r":{}}
{"t":1485107727,"r":{}}
{"t":1485107727,"r":{"lat":37.659488667,"lon":-121.858957,"alt":0}}
{"t":1485107733,"r":{}}
{"t":1485107740,"r":{}}
{"t":1485107746,"r":{}}
{"t":1485107753,"r":{}}
{"t":1485107760,"r":{}}
{"t":1485107767,"r":{}}
{"t":1485107773,"r":{}}
{"t":1485107779,"r":{}}
{"t":1485107787,"r":{}}
{"t":1485107793,"r":{}}
{"t":1485107799,"r":{}}
{"t":1485107805,"r":{}}
{"t":1485107810,"r":{}}
{"t":1485107816,"r":{}}
{"t":1485107822,"r":{}}
{"t":1485107828,"r":{}}
{"t":1485107834,"r":{}}
{"t":1485107840,"r":{}}
{"t":1485107846,"r":{}}
{"t":1485107852,"r":{}}
{"t":1485107861,"r":{}}
{"t":1485107869,"r":{}}
{"t":1485107876,"r":{}}
{"t":1485107883,"r":{}}
{"t":1485107889,"r":{}}
{"t":1485107895,"r":{}}
{"t":1485107901,"r":{}}
{"t":1485107907,"r":{}}
{"t":1485107913,"r":{}}
{"t":1485107919,"r":{}}


